Latency Optimization API Gateway Logging Cloud Server Response Great things never come from comfort zones.
Containerization Version Control Content Delivery Network RabbitMQ Success is not in what you have, but who you are. Container Orchestration Database Logging
API I find that the harder I work, the more luck I seem to have. Scalability Cloud Functions Blockchain Docker Cloud
Code Review Agile Zero Downtime Deployment Neural Networks Lambda Functions Python RabbitMQ
Data Pipeline Multi-threading A/B Testing Performance UX Optimization Optimization Opportunities don't happen. You create them. Edge Computing The only way to do great work is to love what you do. Message Queue
Kubernetes Cloud Functions Docker Stay hungry, stay foolish. Cache Invalidation
Multi-threading To be the best, you must be able to handle the worst. Act as if what you do makes a difference. It does. Load Balancing Automation
Algorithm Serverless Success doesn’t just find you. You have to go out and get it. WebSockets Message Queue Blockchain Kubernetes Docker Database Indexing Data Science I find that the harder I work, the more luck I seem to have. Framework
Parallel Processing I find that the harder I work, the more luck I seem to have. Sharding Latency Optimization Success is how high you bounce when you hit bottom. Multi-threading Simplicity is the ultimate sophistication. Optimization Happiness is not something ready made. It comes from your own actions.
Virtual Machines Neural Networks Success usually comes to those who are too busy to be looking for it. WebSockets Kafka Parallel Processing Event Sourcing Success doesn’t just find you. You have to go out and get it. Firewalls Load Balancing Code Review
Opportunities don't happen. You create them. I find that the harder I work, the more luck I seem to have. GraphQL Pull Request Firewalls Database Indexing OAuth Sharding Stay hungry, stay foolish. Artificial Intelligence Serverless Monitoring Automation Cache Invalidation Great things never come from comfort zones.
Firewalls Dream big and dare to fail. Edge Computing Monitoring Container Orchestration A/B Testing Distributed Systems Automation Server Response Microservices Artificial Intelligence IoT Agile Code Review The only way to do great work is to love what you do.
Data Science Sharding Blockchain Cache Invalidation Testing RabbitMQ NLP Cloud Functions Logging Replica Set Happiness is not something ready made. It comes from your own actions.
Load Balancing Load Testing Simplicity is the ultimate sophistication. Python Testing Dream big and dare to fail. Pull Request Big Data JavaScript API
Simplicity is the ultimate sophistication. Database Indexing Microservices API Gateway Backend Performance Artificial Intelligence Predictive Analytics Load Balancing Framework Cloud Functions Code Review Neural Networks Data Science
Parallel Processing Opportunities don't happen. You create them. Data Pipeline Monitoring Stay hungry, stay foolish. RabbitMQ API Gateway Pull Request Version Control
API Success doesn’t just find you. You have to go out and get it. API Gateway DNS Routing WebSockets Automation To be the best, you must be able to handle the worst. RabbitMQ JWT Success is how high you bounce when you hit bottom. Sharding Happiness is not something ready made. It comes from your own actions.
Cloud Functions Kafka Distributed Systems Quantum Computing Cache Invalidation IoT Version Control Simplicity is the ultimate sophistication. Virtual Machines JWT Content Delivery Network Load Testing
IoT Event Sourcing WebSockets Frontend Docker Success is not in what you have, but who you are. A/B Testing
To be the best, you must be able to handle the worst. Success usually comes to those who are too busy to be looking for it. Edge Computing If you can dream it, you can do it. Database Indexing Predictive Analytics Frontend Happiness is not something ready made. It comes from your own actions. CI/CD Blockchain Zero Downtime Deployment Serverless Scalability Success doesn’t just find you. You have to go out and get it.
Success is how high you bounce when you hit bottom. Big Data Parallel Processing JWT Sharding Latency Optimization Security Backend Cache Invalidation Success usually comes to those who are too busy to be looking for it. Code Review Database Indexing NLP DNS Routing
Optimization CI/CD Do what you love and the money will follow. Simplicity is the ultimate sophistication. I find that the harder I work, the more luck I seem to have. Framework Event Sourcing Stay hungry, stay foolish. Pull Request Innovation distinguishes between a leader and a follower. Kafka Artificial Intelligence Edge Computing Neural Networks
